<?xml version="1.0" encoding="UTF-8"?>
<coverage generated="1764333017265" clover="3.2.0">
  <project timestamp="1764333017266" name="All files">
    <metrics statements="124" coveredstatements="115" conditionals="77" coveredconditionals="62" methods="28" coveredmethods="26" elements="229" coveredelements="203" complexity="0" loc="124" ncloc="124" packages="4" files="6" classes="6"/>
    <package name="component.login_dashboard">
      <metrics statements="33" coveredstatements="30" conditionals="20" coveredconditionals="16" methods="5" coveredmethods="4"/>
      <file name="Login.jsx" path="D:\Study\KTPM\KTPM_Assignment2\FloginFE_BE\frontend\src\component\login_dashboard\Login.jsx">
        <metrics statements="33" coveredstatements="30" conditionals="20" coveredconditionals="16" methods="5" coveredmethods="4"/>
        <line num="6" count="1" type="stmt"/>
        <line num="7" count="7" type="stmt"/>
        <line num="8" count="7" type="stmt"/>
        <line num="11" count="7" type="stmt"/>
        <line num="12" count="7" type="stmt"/>
        <line num="15" count="7" type="stmt"/>
        <line num="17" count="7" type="stmt"/>
        <line num="19" count="7" type="stmt"/>
        <line num="20" count="2" type="stmt"/>
        <line num="23" count="2" type="stmt"/>
        <line num="25" count="2" type="cond" truecount="2" falsecount="0"/>
        <line num="26" count="1" type="stmt"/>
        <line num="27" count="1" type="stmt"/>
        <line num="29" count="1" type="stmt"/>
        <line num="32" count="2" type="cond" truecount="2" falsecount="0"/>
        <line num="33" count="1" type="stmt"/>
        <line num="34" count="1" type="stmt"/>
        <line num="36" count="1" type="stmt"/>
        <line num="40" count="2" type="cond" truecount="2" falsecount="0"/>
        <line num="43" count="1" type="stmt"/>
        <line num="44" count="1" type="stmt"/>
        <line num="46" count="1" type="stmt"/>
        <line num="47" count="1" type="stmt"/>
        <line num="50" count="1" type="cond" truecount="3" falsecount="1"/>
        <line num="52" count="1" type="stmt"/>
        <line num="54" count="1" type="stmt"/>
        <line num="57" count="1" type="stmt"/>
        <line num="58" count="0" type="stmt"/>
        <line num="61" count="0" type="cond" truecount="0" falsecount="2"/>
        <line num="64" count="0" type="stmt"/>
        <line num="68" count="7" type="stmt"/>
        <line num="78" count="1" type="stmt"/>
        <line num="95" count="1" type="stmt"/>
      </file>
    </package>
    <package name="component.product_dashboard">
      <metrics statements="59" coveredstatements="53" conditionals="32" coveredconditionals="21" methods="16" coveredmethods="15"/>
      <file name="Product.jsx" path="D:\Study\KTPM\KTPM_Assignment2\FloginFE_BE\frontend\src\component\product_dashboard\Product.jsx">
        <metrics statements="57" coveredstatements="51" conditionals="32" coveredconditionals="21" methods="15" coveredmethods="14"/>
        <line num="7" count="3" type="stmt"/>
        <line num="8" count="31" type="stmt"/>
        <line num="9" count="31" type="stmt"/>
        <line num="10" count="31" type="stmt"/>
        <line num="11" count="31" type="stmt"/>
        <line num="12" count="31" type="stmt"/>
        <line num="22" count="31" type="stmt"/>
        <line num="23" count="7" type="stmt"/>
        <line num="24" count="7" type="stmt"/>
        <line num="25" count="7" type="stmt"/>
        <line num="26" count="6" type="stmt"/>
        <line num="28" count="1" type="stmt"/>
        <line num="31" count="7" type="stmt"/>
        <line num="34" count="31" type="stmt"/>
        <line num="35" count="13" type="stmt"/>
        <line num="36" count="13" type="stmt"/>
        <line num="39" count="31" type="stmt"/>
        <line num="40" count="3" type="stmt"/>
        <line num="41" count="3" type="stmt"/>
        <line num="46" count="3" type="stmt"/>
        <line num="47" count="3" type="cond" truecount="1" falsecount="1"/>
        <line num="48" count="0" type="stmt"/>
        <line num="49" count="0" type="stmt"/>
        <line num="52" count="3" type="stmt"/>
        <line num="53" count="3" type="cond" truecount="2" falsecount="0"/>
        <line num="54" count="1" type="stmt"/>
        <line num="56" count="2" type="stmt"/>
        <line num="58" count="3" type="stmt"/>
        <line num="59" count="3" type="stmt"/>
        <line num="60" count="3" type="stmt"/>
        <line num="69" count="3" type="stmt"/>
        <line num="70" count="3" type="stmt"/>
        <line num="71" count="3" type="stmt"/>
        <line num="73" count="0" type="stmt"/>
        <line num="77" count="31" type="stmt"/>
        <line num="78" count="1" type="stmt"/>
        <line num="79" count="1" type="stmt"/>
        <line num="80" count="1" type="stmt"/>
        <line num="81" count="1" type="stmt"/>
        <line num="83" count="0" type="stmt"/>
        <line num="87" count="31" type="stmt"/>
        <line num="88" count="1" type="stmt"/>
        <line num="89" count="1" type="stmt"/>
        <line num="98" count="1" type="stmt"/>
        <line num="99" count="1" type="stmt"/>
        <line num="102" count="31" type="stmt"/>
        <line num="115" count="15" type="stmt"/>
        <line num="121" count="15" type="stmt"/>
        <line num="128" count="3" type="stmt"/>
        <line num="129" count="3" type="stmt"/>
        <line num="138" count="3" type="stmt"/>
        <line num="139" count="3" type="stmt"/>
        <line num="160" count="15" type="stmt"/>
        <line num="171" count="1" type="stmt"/>
        <line num="172" count="1" type="stmt"/>
        <line num="278" count="0" type="stmt"/>
        <line num="279" count="0" type="stmt"/>
      </file>
      <file name="layout.jsx" path="D:\Study\KTPM\KTPM_Assignment2\FloginFE_BE\frontend\src\component\product_dashboard\layout.jsx">
        <metrics statements="2" coveredstatements="2" conditionals="0" coveredconditionals="0" methods="1" coveredmethods="1"/>
        <line num="4" count="3" type="stmt"/>
        <line num="5" count="31" type="stmt"/>
      </file>
    </package>
    <package name="services">
      <metrics statements="20" coveredstatements="20" conditionals="2" coveredconditionals="2" methods="6" coveredmethods="6"/>
      <file name="ProductAPI.js" path="D:\Study\KTPM\KTPM_Assignment2\FloginFE_BE\frontend\src\services\ProductAPI.js">
        <metrics statements="12" coveredstatements="12" conditionals="0" coveredconditionals="0" methods="5" coveredmethods="5"/>
        <line num="3" count="4" type="stmt"/>
        <line num="5" count="4" type="stmt"/>
        <line num="7" count="2" type="stmt"/>
        <line num="8" count="1" type="stmt"/>
        <line num="12" count="1" type="stmt"/>
        <line num="13" count="1" type="stmt"/>
        <line num="17" count="1" type="stmt"/>
        <line num="18" count="1" type="stmt"/>
        <line num="22" count="1" type="stmt"/>
        <line num="23" count="1" type="stmt"/>
        <line num="27" count="1" type="stmt"/>
        <line num="28" count="1" type="stmt"/>
      </file>
      <file name="authService.js" path="D:\Study\KTPM\KTPM_Assignment2\FloginFE_BE\frontend\src\services\authService.js">
        <metrics statements="8" coveredstatements="8" conditionals="2" coveredconditionals="2" methods="1" coveredmethods="1"/>
        <line num="1" count="2" type="stmt"/>
        <line num="2" count="8" type="stmt"/>
        <line num="10" count="8" type="stmt"/>
        <line num="11" count="8" type="stmt"/>
        <line num="12" count="8" type="stmt"/>
        <line num="14" count="8" type="cond" truecount="2" falsecount="0"/>
        <line num="15" count="7" type="stmt"/>
        <line num="17" count="1" type="stmt"/>
      </file>
    </package>
    <package name="utils">
      <metrics statements="12" coveredstatements="12" conditionals="23" coveredconditionals="23" methods="1" coveredmethods="1"/>
      <file name="validation_product.js" path="D:\Study\KTPM\KTPM_Assignment2\FloginFE_BE\frontend\src\utils\validation_product.js">
        <metrics statements="12" coveredstatements="12" conditionals="23" coveredconditionals="23" methods="1" coveredmethods="1"/>
        <line num="2" count="12" type="stmt"/>
        <line num="4" count="12" type="cond" truecount="4" falsecount="0"/>
        <line num="5" count="1" type="stmt"/>
        <line num="8" count="12" type="cond" truecount="5" falsecount="0"/>
        <line num="9" count="2" type="stmt"/>
        <line num="12" count="12" type="cond" truecount="5" falsecount="0"/>
        <line num="13" count="2" type="stmt"/>
        <line num="16" count="12" type="cond" truecount="5" falsecount="0"/>
        <line num="17" count="2" type="stmt"/>
        <line num="20" count="12" type="cond" truecount="4" falsecount="0"/>
        <line num="21" count="1" type="stmt"/>
        <line num="24" count="12" type="stmt"/>
      </file>
    </package>
  </project>
</coverage>
