
{"D:\\MCRo VSCODE\\Testing homework\\KTPM_Assignment2\\FloginFE_BE\\frontend\\src\\component\\login_dashboard\\Login.jsx": {"path":"D:\\MCRo VSCODE\\Testing homework\\KTPM_Assignment2\\FloginFE_BE\\frontend\\src\\component\\login_dashboard\\Login.jsx","statementMap":{"0":{"start":{"line":5,"column":14},"end":{"line":75,"column":1}},"1":{"start":{"line":6,"column":36},"end":{"line":6,"column":48}},"2":{"start":{"line":7,"column":36},"end":{"line":7,"column":48}},"3":{"start":{"line":8,"column":34},"end":{"line":8,"column":46}},"4":{"start":{"line":9,"column":21},"end":{"line":9,"column":34}},"5":{"start":{"line":10,"column":24},"end":{"line":37,"column":5}},"6":{"start":{"line":11,"column":8},"end":{"line":11,"column":27}},"7":{"start":{"line":12,"column":8},"end":{"line":12,"column":43}},"8":{"start":{"line":13,"column":8},"end":{"line":13,"column":43}},"9":{"start":{"line":25,"column":8},"end":{"line":36,"column":9}},"10":{"start":{"line":26,"column":25},"end":{"line":26,"column":60}},"11":{"start":{"line":27,"column":12},"end":{"line":33,"column":13}},"12":{"start":{"line":28,"column":16},"end":{"line":28,"column":42}},"13":{"start":{"line":29,"column":16},"end":{"line":29,"column":58}},"14":{"start":{"line":30,"column":16},"end":{"line":30,"column":38}},"15":{"start":{"line":32,"column":16},"end":{"line":32,"column":41}},"16":{"start":{"line":35,"column":12},"end":{"line":35,"column":38}},"17":{"start":{"line":39,"column":4},"end":{"line":74,"column":6}},"18":{"start":{"line":49,"column":45},"end":{"line":49,"column":72}},"19":{"start":{"line":60,"column":45},"end":{"line":60,"column":72}}},"fnMap":{"0":{"name":"(anonymous_0)","decl":{"start":{"line":5,"column":14},"end":{"line":5,"column":15}},"loc":{"start":{"line":5,"column":20},"end":{"line":75,"column":1}},"line":5},"1":{"name":"(anonymous_1)","decl":{"start":{"line":10,"column":24},"end":{"line":10,"column":25}},"loc":{"start":{"line":10,"column":37},"end":{"line":37,"column":5}},"line":10},"2":{"name":"(anonymous_2)","decl":{"start":{"line":49,"column":38},"end":{"line":49,"column":39}},"loc":{"start":{"line":49,"column":45},"end":{"line":49,"column":72}},"line":49},"3":{"name":"(anonymous_3)","decl":{"start":{"line":60,"column":38},"end":{"line":60,"column":39}},"loc":{"start":{"line":60,"column":45},"end":{"line":60,"column":72}},"line":60}},"branchMap":{"0":{"loc":{"start":{"line":27,"column":12},"end":{"line":33,"column":13}},"type":"if","locations":[{"start":{"line":27,"column":12},"end":{"line":33,"column":13}},{"start":{"line":31,"column":19},"end":{"line":33,"column":13}}],"line":27}},"s":{"0":1,"1":7,"2":7,"3":7,"4":7,"5":7,"6":2,"7":2,"8":2,"9":2,"10":2,"11":2,"12":1,"13":1,"14":1,"15":0,"16":1,"17":7,"18":1,"19":1},"f":{"0":7,"1":2,"2":1,"3":1},"b":{"0":[1,0]},"_coverageSchema":"1a1c01bbd47fc00a2c39e90264f33305004495a9","hash":"f61fc0a83cb036b8d22b2a23772aa003e8b44f7a"}
,"D:\\MCRo VSCODE\\Testing homework\\KTPM_Assignment2\\FloginFE_BE\\frontend\\src\\component\\product_dashboard\\Product.jsx": {"path":"D:\\MCRo VSCODE\\Testing homework\\KTPM_Assignment2\\FloginFE_BE\\frontend\\src\\component\\product_dashboard\\Product.jsx","statementMap":{"0":{"start":{"line":7,"column":25},"end":{"line":295,"column":1}},"1":{"start":{"line":8,"column":36},"end":{"line":8,"column":48}},"2":{"start":{"line":9,"column":38},"end":{"line":9,"column":53}},"3":{"start":{"line":10,"column":52},"end":{"line":10,"column":66}},"4":{"start":{"line":11,"column":40},"end":{"line":11,"column":52}},"5":{"start":{"line":12,"column":28},"end":{"line":20,"column":6}},"6":{"start":{"line":22,"column":4},"end":{"line":32,"column":11}},"7":{"start":{"line":23,"column":30},"end":{"line":30,"column":9}},"8":{"start":{"line":24,"column":12},"end":{"line":29,"column":13}},"9":{"start":{"line":25,"column":29},"end":{"line":25,"column":55}},"10":{"start":{"line":26,"column":16},"end":{"line":26,"column":34}},"11":{"start":{"line":28,"column":16},"end":{"line":28,"column":62}},"12":{"start":{"line":31,"column":8},"end":{"line":31,"column":24}},"13":{"start":{"line":34,"column":25},"end":{"line":37,"column":5}},"14":{"start":{"line":35,"column":32},"end":{"line":35,"column":40}},"15":{"start":{"line":36,"column":8},"end":{"line":36,"column":56}},"16":{"start":{"line":36,"column":27},"end":{"line":36,"column":53}},"17":{"start":{"line":39,"column":25},"end":{"line":75,"column":5}},"18":{"start":{"line":40,"column":8},"end":{"line":40,"column":27}},"19":{"start":{"line":41,"column":28},"end":{"line":44,"column":9}},"20":{"start":{"line":46,"column":23},"end":{"line":46,"column":51}},"21":{"start":{"line":47,"column":8},"end":{"line":50,"column":9}},"22":{"start":{"line":48,"column":12},"end":{"line":48,"column":34}},"23":{"start":{"line":49,"column":12},"end":{"line":49,"column":19}},"24":{"start":{"line":52,"column":8},"end":{"line":74,"column":9}},"25":{"start":{"line":53,"column":12},"end":{"line":57,"column":13}},"26":{"start":{"line":54,"column":16},"end":{"line":54,"column":79}},"27":{"start":{"line":56,"column":16},"end":{"line":56,"column":58}},"28":{"start":{"line":58,"column":32},"end":{"line":58,"column":58}},"29":{"start":{"line":59,"column":12},"end":{"line":59,"column":37}},"30":{"start":{"line":60,"column":12},"end":{"line":68,"column":15}},"31":{"start":{"line":69,"column":12},"end":{"line":69,"column":30}},"32":{"start":{"line":70,"column":12},"end":{"line":70,"column":38}},"33":{"start":{"line":71,"column":12},"end":{"line":71,"column":32}},"34":{"start":{"line":73,"column":12},"end":{"line":73,"column":58}},"35":{"start":{"line":77,"column":25},"end":{"line":85,"column":5}},"36":{"start":{"line":78,"column":8},"end":{"line":84,"column":9}},"37":{"start":{"line":79,"column":12},"end":{"line":79,"column":48}},"38":{"start":{"line":80,"column":32},"end":{"line":80,"column":58}},"39":{"start":{"line":81,"column":12},"end":{"line":81,"column":37}},"40":{"start":{"line":83,"column":12},"end":{"line":83,"column":58}},"41":{"start":{"line":87,"column":23},"end":{"line":100,"column":5}},"42":{"start":{"line":88,"column":8},"end":{"line":88,"column":40}},"43":{"start":{"line":89,"column":8},"end":{"line":97,"column":11}},"44":{"start":{"line":98,"column":8},"end":{"line":98,"column":26}},"45":{"start":{"line":99,"column":8},"end":{"line":99,"column":27}},"46":{"start":{"line":102,"column":4},"end":{"line":294,"column":6}},"47":{"start":{"line":115,"column":48},"end":{"line":115,"column":69}},"48":{"start":{"line":121,"column":48},"end":{"line":121,"column":71}},"49":{"start":{"line":128,"column":24},"end":{"line":128,"column":50}},"50":{"start":{"line":129,"column":24},"end":{"line":137,"column":27}},"51":{"start":{"line":138,"column":24},"end":{"line":138,"column":42}},"52":{"start":{"line":139,"column":24},"end":{"line":139,"column":43}},"53":{"start":{"line":160,"column":24},"end":{"line":174,"column":29}},"54":{"start":{"line":171,"column":78},"end":{"line":171,"column":91}},"55":{"start":{"line":172,"column":85},"end":{"line":172,"column":103}},"56":{"start":{"line":278,"column":44},"end":{"line":278,"column":64}},"57":{"start":{"line":279,"column":44},"end":{"line":279,"column":70}}},"fnMap":{"0":{"name":"(anonymous_0)","decl":{"start":{"line":7,"column":25},"end":{"line":7,"column":26}},"loc":{"start":{"line":7,"column":31},"end":{"line":295,"column":1}},"line":7},"1":{"name":"(anonymous_1)","decl":{"start":{"line":22,"column":14},"end":{"line":22,"column":15}},"loc":{"start":{"line":22,"column":20},"end":{"line":32,"column":5}},"line":22},"2":{"name":"(anonymous_2)","decl":{"start":{"line":23,"column":30},"end":{"line":23,"column":31}},"loc":{"start":{"line":23,"column":42},"end":{"line":30,"column":9}},"line":23},"3":{"name":"(anonymous_3)","decl":{"start":{"line":34,"column":25},"end":{"line":34,"column":26}},"loc":{"start":{"line":34,"column":32},"end":{"line":37,"column":5}},"line":34},"4":{"name":"(anonymous_4)","decl":{"start":{"line":36,"column":16},"end":{"line":36,"column":17}},"loc":{"start":{"line":36,"column":27},"end":{"line":36,"column":53}},"line":36},"5":{"name":"(anonymous_5)","decl":{"start":{"line":39,"column":25},"end":{"line":39,"column":26}},"loc":{"start":{"line":39,"column":38},"end":{"line":75,"column":5}},"line":39},"6":{"name":"(anonymous_6)","decl":{"start":{"line":77,"column":25},"end":{"line":77,"column":26}},"loc":{"start":{"line":77,"column":39},"end":{"line":85,"column":5}},"line":77},"7":{"name":"(anonymous_7)","decl":{"start":{"line":87,"column":23},"end":{"line":87,"column":24}},"loc":{"start":{"line":87,"column":36},"end":{"line":100,"column":5}},"line":87},"8":{"name":"(anonymous_8)","decl":{"start":{"line":115,"column":36},"end":{"line":115,"column":37}},"loc":{"start":{"line":115,"column":48},"end":{"line":115,"column":69}},"line":115},"9":{"name":"(anonymous_9)","decl":{"start":{"line":121,"column":41},"end":{"line":121,"column":42}},"loc":{"start":{"line":121,"column":48},"end":{"line":121,"column":71}},"line":121},"10":{"name":"(anonymous_10)","decl":{"start":{"line":127,"column":29},"end":{"line":127,"column":30}},"loc":{"start":{"line":127,"column":35},"end":{"line":140,"column":21}},"line":127},"11":{"name":"(anonymous_11)","decl":{"start":{"line":159,"column":34},"end":{"line":159,"column":35}},"loc":{"start":{"line":160,"column":24},"end":{"line":174,"column":29}},"line":160},"12":{"name":"(anonymous_12)","decl":{"start":{"line":171,"column":72},"end":{"line":171,"column":73}},"loc":{"start":{"line":171,"column":78},"end":{"line":171,"column":91}},"line":171},"13":{"name":"(anonymous_13)","decl":{"start":{"line":172,"column":79},"end":{"line":172,"column":80}},"loc":{"start":{"line":172,"column":85},"end":{"line":172,"column":103}},"line":172},"14":{"name":"(anonymous_14)","decl":{"start":{"line":277,"column":49},"end":{"line":277,"column":50}},"loc":{"start":{"line":277,"column":55},"end":{"line":280,"column":41}},"line":277}},"branchMap":{"0":{"loc":{"start":{"line":47,"column":8},"end":{"line":50,"column":9}},"type":"if","locations":[{"start":{"line":47,"column":8},"end":{"line":50,"column":9}},{"start":{},"end":{}}],"line":47},"1":{"loc":{"start":{"line":53,"column":12},"end":{"line":57,"column":13}},"type":"if","locations":[{"start":{"line":53,"column":12},"end":{"line":57,"column":13}},{"start":{"line":55,"column":19},"end":{"line":57,"column":13}}],"line":53},"2":{"loc":{"start":{"line":179,"column":17},"end":{"line":291,"column":17}},"type":"binary-expr","locations":[{"start":{"line":179,"column":17},"end":{"line":179,"column":26}},{"start":{"line":180,"column":20},"end":{"line":290,"column":26}}],"line":179},"3":{"loc":{"start":{"line":182,"column":33},"end":{"line":182,"column":88}},"type":"cond-expr","locations":[{"start":{"line":182,"column":52},"end":{"line":182,"column":66}},{"start":{"line":182,"column":69},"end":{"line":182,"column":88}}],"line":182},"4":{"loc":{"start":{"line":184,"column":33},"end":{"line":186,"column":74}},"type":"cond-expr","locations":[{"start":{"line":185,"column":38},"end":{"line":185,"column":68}},{"start":{"line":186,"column":38},"end":{"line":186,"column":74}}],"line":184},"5":{"loc":{"start":{"line":196,"column":51},"end":{"line":196,"column":81}},"type":"cond-expr","locations":[{"start":{"line":196,"column":69},"end":{"line":196,"column":76}},{"start":{"line":196,"column":79},"end":{"line":196,"column":81}}],"line":196},"6":{"loc":{"start":{"line":198,"column":37},"end":{"line":198,"column":102}},"type":"binary-expr","locations":[{"start":{"line":198,"column":37},"end":{"line":198,"column":52}},{"start":{"line":198,"column":56},"end":{"line":198,"column":102}}],"line":198},"7":{"loc":{"start":{"line":208,"column":51},"end":{"line":208,"column":85}},"type":"cond-expr","locations":[{"start":{"line":208,"column":73},"end":{"line":208,"column":80}},{"start":{"line":208,"column":83},"end":{"line":208,"column":85}}],"line":208},"8":{"loc":{"start":{"line":210,"column":37},"end":{"line":212,"column":37}},"type":"binary-expr","locations":[{"start":{"line":210,"column":37},"end":{"line":210,"column":56}},{"start":{"line":211,"column":40},"end":{"line":211,"column":90}}],"line":210},"9":{"loc":{"start":{"line":232,"column":51},"end":{"line":232,"column":82}},"type":"cond-expr","locations":[{"start":{"line":232,"column":70},"end":{"line":232,"column":77}},{"start":{"line":232,"column":80},"end":{"line":232,"column":82}}],"line":232},"10":{"loc":{"start":{"line":234,"column":37},"end":{"line":234,"column":104}},"type":"binary-expr","locations":[{"start":{"line":234,"column":37},"end":{"line":234,"column":53}},{"start":{"line":234,"column":57},"end":{"line":234,"column":104}}],"line":234},"11":{"loc":{"start":{"line":245,"column":51},"end":{"line":245,"column":85}},"type":"cond-expr","locations":[{"start":{"line":245,"column":73},"end":{"line":245,"column":80}},{"start":{"line":245,"column":83},"end":{"line":245,"column":85}}],"line":245},"12":{"loc":{"start":{"line":247,"column":37},"end":{"line":249,"column":37}},"type":"binary-expr","locations":[{"start":{"line":247,"column":37},"end":{"line":247,"column":56}},{"start":{"line":248,"column":40},"end":{"line":248,"column":90}}],"line":247},"13":{"loc":{"start":{"line":267,"column":53},"end":{"line":267,"column":90}},"type":"cond-expr","locations":[{"start":{"line":267,"column":78},"end":{"line":267,"column":85}},{"start":{"line":267,"column":88},"end":{"line":267,"column":90}}],"line":267},"14":{"loc":{"start":{"line":269,"column":37},"end":{"line":271,"column":37}},"type":"binary-expr","locations":[{"start":{"line":269,"column":37},"end":{"line":269,"column":59}},{"start":{"line":270,"column":40},"end":{"line":270,"column":93}}],"line":269},"15":{"loc":{"start":{"line":285,"column":41},"end":{"line":285,"column":83}},"type":"cond-expr","locations":[{"start":{"line":285,"column":60},"end":{"line":285,"column":70}},{"start":{"line":285,"column":73},"end":{"line":285,"column":83}}],"line":285}},"s":{"0":3,"1":70,"2":70,"3":70,"4":70,"5":70,"6":70,"7":11,"8":11,"9":11,"10":10,"11":1,"12":11,"13":70,"14":38,"15":38,"16":38,"17":70,"18":6,"19":6,"20":6,"21":6,"22":2,"23":2,"24":4,"25":4,"26":1,"27":3,"28":3,"29":3,"30":3,"31":3,"32":3,"33":3,"34":1,"35":70,"36":2,"37":2,"38":1,"39":1,"40":1,"41":70,"42":1,"43":1,"44":1,"45":1,"46":70,"47":18,"48":18,"49":6,"50":6,"51":6,"52":6,"53":18,"54":1,"55":2,"56":1,"57":1},"f":{"0":70,"1":11,"2":11,"3":38,"4":38,"5":6,"6":2,"7":1,"8":18,"9":18,"10":6,"11":18,"12":1,"13":2,"14":1},"b":{"0":[2,4],"1":[1,3],"2":[70,49],"3":[2,47],"4":[2,47],"5":[3,46],"6":[49,3],"7":[0,49],"8":[49,0],"9":[3,46],"10":[49,3],"11":[3,46],"12":[49,3],"13":[3,46],"14":[49,3],"15":[2,47]},"_coverageSchema":"1a1c01bbd47fc00a2c39e90264f33305004495a9","hash":"54e96f4d57b8a9da33f0bdb3f9ff47a12db4a05f"}
,"D:\\MCRo VSCODE\\Testing homework\\KTPM_Assignment2\\FloginFE_BE\\frontend\\src\\component\\product_dashboard\\layout.jsx": {"path":"D:\\MCRo VSCODE\\Testing homework\\KTPM_Assignment2\\FloginFE_BE\\frontend\\src\\component\\product_dashboard\\layout.jsx","statementMap":{"0":{"start":{"line":4,"column":15},"end":{"line":17,"column":1}},"1":{"start":{"line":5,"column":4},"end":{"line":16,"column":6}}},"fnMap":{"0":{"name":"(anonymous_0)","decl":{"start":{"line":4,"column":15},"end":{"line":4,"column":16}},"loc":{"start":{"line":4,"column":33},"end":{"line":17,"column":1}},"line":4}},"branchMap":{},"s":{"0":3,"1":70},"f":{"0":70},"b":{},"_coverageSchema":"1a1c01bbd47fc00a2c39e90264f33305004495a9","hash":"933dcd7a7a3abe1f6253be532891b86f3dc4e85d"}
,"D:\\MCRo VSCODE\\Testing homework\\KTPM_Assignment2\\FloginFE_BE\\frontend\\src\\services\\ProductAPI.js": {"path":"D:\\MCRo VSCODE\\Testing homework\\KTPM_Assignment2\\FloginFE_BE\\frontend\\src\\services\\ProductAPI.js","statementMap":{"0":{"start":{"line":3,"column":21},"end":{"line":3,"column":53}},"1":{"start":{"line":5,"column":27},"end":{"line":30,"column":1}},"2":{"start":{"line":7,"column":16},"end":{"line":7,"column":45}},"3":{"start":{"line":8,"column":4},"end":{"line":8,"column":20}},"4":{"start":{"line":12,"column":16},"end":{"line":12,"column":56}},"5":{"start":{"line":13,"column":4},"end":{"line":13,"column":20}},"6":{"start":{"line":17,"column":16},"end":{"line":17,"column":55}},"7":{"start":{"line":18,"column":4},"end":{"line":18,"column":20}},"8":{"start":{"line":22,"column":16},"end":{"line":22,"column":65}},"9":{"start":{"line":23,"column":4},"end":{"line":23,"column":20}},"10":{"start":{"line":27,"column":16},"end":{"line":27,"column":59}},"11":{"start":{"line":28,"column":4},"end":{"line":28,"column":20}}},"fnMap":{"0":{"name":"(anonymous_0)","decl":{"start":{"line":6,"column":10},"end":{"line":6,"column":11}},"loc":{"start":{"line":6,"column":22},"end":{"line":9,"column":3}},"line":6},"1":{"name":"(anonymous_1)","decl":{"start":{"line":11,"column":11},"end":{"line":11,"column":12}},"loc":{"start":{"line":11,"column":25},"end":{"line":14,"column":3}},"line":11},"2":{"name":"(anonymous_2)","decl":{"start":{"line":16,"column":14},"end":{"line":16,"column":15}},"loc":{"start":{"line":16,"column":33},"end":{"line":19,"column":3}},"line":16},"3":{"name":"(anonymous_3)","decl":{"start":{"line":21,"column":17},"end":{"line":21,"column":18}},"loc":{"start":{"line":21,"column":40},"end":{"line":24,"column":3}},"line":21},"4":{"name":"(anonymous_4)","decl":{"start":{"line":26,"column":17},"end":{"line":26,"column":18}},"loc":{"start":{"line":26,"column":31},"end":{"line":29,"column":3}},"line":26}},"branchMap":{},"s":{"0":4,"1":4,"2":1,"3":1,"4":1,"5":1,"6":1,"7":1,"8":1,"9":1,"10":1,"11":1},"f":{"0":1,"1":1,"2":1,"3":1,"4":1},"b":{},"_coverageSchema":"1a1c01bbd47fc00a2c39e90264f33305004495a9","hash":"16da2c9fbcc94204e7a690dda96f3ae2bc51a85b"}
,"D:\\MCRo VSCODE\\Testing homework\\KTPM_Assignment2\\FloginFE_BE\\frontend\\src\\services\\authService.js": {"path":"D:\\MCRo VSCODE\\Testing homework\\KTPM_Assignment2\\FloginFE_BE\\frontend\\src\\services\\authService.js","statementMap":{"0":{"start":{"line":1,"column":25},"end":{"line":18,"column":1}},"1":{"start":{"line":2,"column":14},"end":{"line":8,"column":4}},"2":{"start":{"line":10,"column":15},"end":{"line":10,"column":31}},"3":{"start":{"line":11,"column":2},"end":{"line":11,"column":25}},"4":{"start":{"line":12,"column":2},"end":{"line":12,"column":20}},"5":{"start":{"line":14,"column":2},"end":{"line":16,"column":3}},"6":{"start":{"line":15,"column":4},"end":{"line":15,"column":34}},"7":{"start":{"line":17,"column":2},"end":{"line":17,"column":14}}},"fnMap":{"0":{"name":"(anonymous_0)","decl":{"start":{"line":1,"column":25},"end":{"line":1,"column":26}},"loc":{"start":{"line":1,"column":55},"end":{"line":18,"column":1}},"line":1}},"branchMap":{"0":{"loc":{"start":{"line":14,"column":2},"end":{"line":16,"column":3}},"type":"if","locations":[{"start":{"line":14,"column":2},"end":{"line":16,"column":3}},{"start":{},"end":{}}],"line":14}},"s":{"0":2,"1":8,"2":8,"3":8,"4":8,"5":8,"6":7,"7":1},"f":{"0":8},"b":{"0":[7,1]},"_coverageSchema":"1a1c01bbd47fc00a2c39e90264f33305004495a9","hash":"3f953a75f51a891d50f991833ec34424a88aa609"}
,"D:\\MCRo VSCODE\\Testing homework\\KTPM_Assignment2\\FloginFE_BE\\frontend\\src\\utils\\validation_product.js": {"path":"D:\\MCRo VSCODE\\Testing homework\\KTPM_Assignment2\\FloginFE_BE\\frontend\\src\\utils\\validation_product.js","statementMap":{"0":{"start":{"line":2,"column":19},"end":{"line":2,"column":21}},"1":{"start":{"line":4,"column":4},"end":{"line":6,"column":5}},"2":{"start":{"line":5,"column":8},"end":{"line":5,"column":61}},"3":{"start":{"line":8,"column":4},"end":{"line":10,"column":5}},"4":{"start":{"line":9,"column":8},"end":{"line":9,"column":64}},"5":{"start":{"line":12,"column":4},"end":{"line":14,"column":5}},"6":{"start":{"line":13,"column":8},"end":{"line":13,"column":70}},"7":{"start":{"line":16,"column":4},"end":{"line":18,"column":5}},"8":{"start":{"line":17,"column":8},"end":{"line":17,"column":61}},"9":{"start":{"line":20,"column":4},"end":{"line":22,"column":5}},"10":{"start":{"line":21,"column":8},"end":{"line":21,"column":57}},"11":{"start":{"line":24,"column":4},"end":{"line":24,"column":18}}},"fnMap":{"0":{"name":"validateProduct","decl":{"start":{"line":1,"column":16},"end":{"line":1,"column":31}},"loc":{"start":{"line":1,"column":41},"end":{"line":25,"column":1}},"line":1}},"branchMap":{"0":{"loc":{"start":{"line":4,"column":4},"end":{"line":6,"column":5}},"type":"if","locations":[{"start":{"line":4,"column":4},"end":{"line":6,"column":5}},{"start":{},"end":{}}],"line":4},"1":{"loc":{"start":{"line":4,"column":8},"end":{"line":4,"column":55}},"type":"binary-expr","locations":[{"start":{"line":4,"column":8},"end":{"line":4,"column":21}},{"start":{"line":4,"column":25},"end":{"line":4,"column":55}}],"line":4},"2":{"loc":{"start":{"line":8,"column":4},"end":{"line":10,"column":5}},"type":"if","locations":[{"start":{"line":8,"column":4},"end":{"line":10,"column":5}},{"start":{},"end":{}}],"line":8},"3":{"loc":{"start":{"line":8,"column":8},"end":{"line":8,"column":82}},"type":"binary-expr","locations":[{"start":{"line":8,"column":8},"end":{"line":8,"column":29}},{"start":{"line":8,"column":33},"end":{"line":8,"column":53}},{"start":{"line":8,"column":57},"end":{"line":8,"column":82}}],"line":8},"4":{"loc":{"start":{"line":12,"column":4},"end":{"line":14,"column":5}},"type":"if","locations":[{"start":{"line":12,"column":4},"end":{"line":14,"column":5}},{"start":{},"end":{}}],"line":12},"5":{"loc":{"start":{"line":12,"column":8},"end":{"line":12,"column":85}},"type":"binary-expr","locations":[{"start":{"line":12,"column":8},"end":{"line":12,"column":32}},{"start":{"line":12,"column":36},"end":{"line":12,"column":57}},{"start":{"line":12,"column":61},"end":{"line":12,"column":85}}],"line":12},"6":{"loc":{"start":{"line":16,"column":4},"end":{"line":18,"column":5}},"type":"if","locations":[{"start":{"line":16,"column":4},"end":{"line":18,"column":5}},{"start":{},"end":{}}],"line":16},"7":{"loc":{"start":{"line":16,"column":8},"end":{"line":16,"column":98}},"type":"binary-expr","locations":[{"start":{"line":16,"column":8},"end":{"line":16,"column":28}},{"start":{"line":16,"column":32},"end":{"line":16,"column":62}},{"start":{"line":16,"column":66},"end":{"line":16,"column":98}}],"line":16},"8":{"loc":{"start":{"line":20,"column":4},"end":{"line":22,"column":5}},"type":"if","locations":[{"start":{"line":20,"column":4},"end":{"line":22,"column":5}},{"start":{},"end":{}}],"line":20},"9":{"loc":{"start":{"line":20,"column":8},"end":{"line":20,"column":59}},"type":"binary-expr","locations":[{"start":{"line":20,"column":8},"end":{"line":20,"column":25}},{"start":{"line":20,"column":29},"end":{"line":20,"column":59}}],"line":20}},"s":{"0":15,"1":15,"2":3,"3":15,"4":4,"5":15,"6":4,"7":15,"8":4,"9":15,"10":1,"11":15},"f":{"0":15},"b":{"0":[3,12],"1":[15,14],"2":[4,11],"3":[15,15,12],"4":[4,11],"5":[15,15,12],"6":[4,11],"7":[15,13,12],"8":[1,14],"9":[15,14]},"_coverageSchema":"1a1c01bbd47fc00a2c39e90264f33305004495a9","hash":"f5df7efeb40446c04aa384b16c1dbba8ed06c66a"}

