{"D:\\MCRo VSCODE\\Testing homework\\KTPM_Assignment2\\FloginFE_BE\\frontend\\src\\component\\login_dashboard\\Login.jsx": {"path":"D:\\MCRo VSCODE\\Testing homework\\KTPM_Assignment2\\FloginFE_BE\\frontend\\src\\component\\login_dashboard\\Login.jsx","statementMap":{"0":{"start":{"line":6,"column":14},"end":{"line":124,"column":1}},"1":{"start":{"line":7,"column":36},"end":{"line":7,"column":48}},"2":{"start":{"line":8,"column":36},"end":{"line":8,"column":48}},"3":{"start":{"line":11,"column":46},"end":{"line":11,"column":58}},"4":{"start":{"line":12,"column":46},"end":{"line":12,"column":58}},"5":{"start":{"line":15,"column":34},"end":{"line":15,"column":46}},"6":{"start":{"line":17,"column":21},"end":{"line":17,"column":34}},"7":{"start":{"line":19,"column":24},"end":{"line":66,"column":5}},"8":{"start":{"line":20,"column":8},"end":{"line":20,"column":27}},"9":{"start":{"line":23,"column":22},"end":{"line":23,"column":26}},"10":{"start":{"line":25,"column":8},"end":{"line":30,"column":9}},"11":{"start":{"line":26,"column":12},"end":{"line":26,"column":55}},"12":{"start":{"line":27,"column":12},"end":{"line":27,"column":28}},"13":{"start":{"line":29,"column":12},"end":{"line":29,"column":33}},"14":{"start":{"line":32,"column":8},"end":{"line":37,"column":9}},"15":{"start":{"line":33,"column":12},"end":{"line":33,"column":55}},"16":{"start":{"line":34,"column":12},"end":{"line":34,"column":28}},"17":{"start":{"line":36,"column":12},"end":{"line":36,"column":33}},"18":{"start":{"line":40,"column":8},"end":{"line":40,"column":29}},"19":{"start":{"line":40,"column":22},"end":{"line":40,"column":29}},"20":{"start":{"line":43,"column":8},"end":{"line":43,"column":43}},"21":{"start":{"line":44,"column":8},"end":{"line":44,"column":43}},"22":{"start":{"line":46,"column":8},"end":{"line":65,"column":9}},"23":{"start":{"line":47,"column":25},"end":{"line":47,"column":60}},"24":{"start":{"line":50,"column":12},"end":{"line":62,"column":13}},"25":{"start":{"line":52,"column":16},"end":{"line":52,"column":52}},"26":{"start":{"line":54,"column":16},"end":{"line":54,"column":58}},"27":{"start":{"line":57,"column":16},"end":{"line":59,"column":25}},"28":{"start":{"line":58,"column":20},"end":{"line":58,"column":41}},"29":{"start":{"line":61,"column":16},"end":{"line":61,"column":65}},"30":{"start":{"line":64,"column":12},"end":{"line":64,"column":58}},"31":{"start":{"line":68,"column":4},"end":{"line":123,"column":6}},"32":{"start":{"line":78,"column":45},"end":{"line":78,"column":72}},"33":{"start":{"line":95,"column":45},"end":{"line":95,"column":72}}},"fnMap":{"0":{"name":"(anonymous_0)","decl":{"start":{"line":6,"column":14},"end":{"line":6,"column":15}},"loc":{"start":{"line":6,"column":20},"end":{"line":124,"column":1}},"line":6},"1":{"name":"(anonymous_1)","decl":{"start":{"line":19,"column":24},"end":{"line":19,"column":25}},"loc":{"start":{"line":19,"column":37},"end":{"line":66,"column":5}},"line":19},"2":{"name":"(anonymous_2)","decl":{"start":{"line":57,"column":27},"end":{"line":57,"column":28}},"loc":{"start":{"line":57,"column":33},"end":{"line":59,"column":17}},"line":57},"3":{"name":"(anonymous_3)","decl":{"start":{"line":78,"column":38},"end":{"line":78,"column":39}},"loc":{"start":{"line":78,"column":45},"end":{"line":78,"column":72}},"line":78},"4":{"name":"(anonymous_4)","decl":{"start":{"line":95,"column":38},"end":{"line":95,"column":39}},"loc":{"start":{"line":95,"column":45},"end":{"line":95,"column":72}},"line":95}},"branchMap":{"0":{"loc":{"start":{"line":25,"column":8},"end":{"line":30,"column":9}},"type":"if","locations":[{"start":{"line":25,"column":8},"end":{"line":30,"column":9}},{"start":{"line":28,"column":15},"end":{"line":30,"column":9}}],"line":25},"1":{"loc":{"start":{"line":32,"column":8},"end":{"line":37,"column":9}},"type":"if","locations":[{"start":{"line":32,"column":8},"end":{"line":37,"column":9}},{"start":{"line":35,"column":15},"end":{"line":37,"column":9}}],"line":32},"2":{"loc":{"start":{"line":40,"column":8},"end":{"line":40,"column":29}},"type":"if","locations":[{"start":{"line":40,"column":8},"end":{"line":40,"column":29}},{"start":{},"end":{}}],"line":40},"3":{"loc":{"start":{"line":50,"column":12},"end":{"line":62,"column":13}},"type":"if","locations":[{"start":{"line":50,"column":12},"end":{"line":62,"column":13}},{"start":{"line":60,"column":19},"end":{"line":62,"column":13}}],"line":50},"4":{"loc":{"start":{"line":50,"column":16},"end":{"line":50,"column":36}},"type":"binary-expr","locations":[{"start":{"line":50,"column":16},"end":{"line":50,"column":20}},{"start":{"line":50,"column":24},"end":{"line":50,"column":36}}],"line":50},"5":{"loc":{"start":{"line":61,"column":27},"end":{"line":61,"column":63}},"type":"binary-expr","locations":[{"start":{"line":61,"column":27},"end":{"line":61,"column":39}},{"start":{"line":61,"column":43},"end":{"line":61,"column":63}}],"line":61},"6":{"loc":{"start":{"line":83,"column":25},"end":{"line":87,"column":25}},"type":"binary-expr","locations":[{"start":{"line":83,"column":25},"end":{"line":83,"column":38}},{"start":{"line":84,"column":28},"end":{"line":86,"column":34}}],"line":83},"7":{"loc":{"start":{"line":100,"column":25},"end":{"line":104,"column":25}},"type":"binary-expr","locations":[{"start":{"line":100,"column":25},"end":{"line":100,"column":38}},{"start":{"line":101,"column":28},"end":{"line":103,"column":34}}],"line":100},"8":{"loc":{"start":{"line":113,"column":17},"end":{"line":120,"column":17}},"type":"binary-expr","locations":[{"start":{"line":113,"column":17},"end":{"line":113,"column":24}},{"start":{"line":114,"column":20},"end":{"line":119,"column":26}}],"line":113},"9":{"loc":{"start":{"line":116,"column":40},"end":{"line":116,"column":88}},"type":"cond-expr","locations":[{"start":{"line":116,"column":73},"end":{"line":116,"column":80}},{"start":{"line":116,"column":83},"end":{"line":116,"column":88}}],"line":116}},"s":{"0":2,"1":43,"2":43,"3":43,"4":43,"5":43,"6":43,"7":43,"8":10,"9":10,"10":10,"11":2,"12":2,"13":8,"14":10,"15":2,"16":2,"17":8,"18":10,"19":3,"20":7,"21":7,"22":7,"23":7,"24":7,"25":2,"26":2,"27":2,"28":0,"29":5,"30":0,"31":43,"32":8,"33":8},"f":{"0":43,"1":10,"2":0,"3":8,"4":8},"b":{"0":[2,8],"1":[2,8],"2":[3,7],"3":[2,5],"4":[7,7],"5":[5,0],"6":[43,2],"7":[43,2],"8":[43,7],"9":[2,5]},"_coverageSchema":"1a1c01bbd47fc00a2c39e90264f33305004495a9","hash":"7ba764e0b18b5ea3772ae3087011ac69e9f63f1b"}
,"D:\\MCRo VSCODE\\Testing homework\\KTPM_Assignment2\\FloginFE_BE\\frontend\\src\\component\\product_dashboard\\Product.jsx": {"path":"D:\\MCRo VSCODE\\Testing homework\\KTPM_Assignment2\\FloginFE_BE\\frontend\\src\\component\\product_dashboard\\Product.jsx","statementMap":{"0":{"start":{"line":7,"column":25},"end":{"line":306,"column":1}},"1":{"start":{"line":8,"column":34},"end":{"line":8,"column":46}},"2":{"start":{"line":9,"column":36},"end":{"line":9,"column":51}},"3":{"start":{"line":10,"column":50},"end":{"line":10,"column":64}},"4":{"start":{"line":11,"column":38},"end":{"line":11,"column":50}},"5":{"start":{"line":12,"column":26},"end":{"line":20,"column":4}},"6":{"start":{"line":22,"column":2},"end":{"line":32,"column":9}},"7":{"start":{"line":23,"column":26},"end":{"line":30,"column":5}},"8":{"start":{"line":24,"column":6},"end":{"line":29,"column":7}},"9":{"start":{"line":25,"column":21},"end":{"line":25,"column":47}},"10":{"start":{"line":26,"column":8},"end":{"line":26,"column":26}},"11":{"start":{"line":28,"column":8},"end":{"line":28,"column":54}},"12":{"start":{"line":31,"column":4},"end":{"line":31,"column":20}},"13":{"start":{"line":34,"column":23},"end":{"line":37,"column":3}},"14":{"start":{"line":35,"column":28},"end":{"line":35,"column":36}},"15":{"start":{"line":36,"column":4},"end":{"line":36,"column":52}},"16":{"start":{"line":36,"column":23},"end":{"line":36,"column":49}},"17":{"start":{"line":39,"column":23},"end":{"line":75,"column":3}},"18":{"start":{"line":40,"column":4},"end":{"line":40,"column":23}},"19":{"start":{"line":41,"column":24},"end":{"line":44,"column":5}},"20":{"start":{"line":46,"column":19},"end":{"line":46,"column":47}},"21":{"start":{"line":47,"column":4},"end":{"line":50,"column":5}},"22":{"start":{"line":48,"column":6},"end":{"line":48,"column":28}},"23":{"start":{"line":49,"column":6},"end":{"line":49,"column":13}},"24":{"start":{"line":52,"column":4},"end":{"line":74,"column":5}},"25":{"start":{"line":53,"column":6},"end":{"line":57,"column":7}},"26":{"start":{"line":54,"column":8},"end":{"line":54,"column":71}},"27":{"start":{"line":56,"column":8},"end":{"line":56,"column":50}},"28":{"start":{"line":58,"column":26},"end":{"line":58,"column":52}},"29":{"start":{"line":59,"column":6},"end":{"line":59,"column":31}},"30":{"start":{"line":60,"column":6},"end":{"line":68,"column":9}},"31":{"start":{"line":69,"column":6},"end":{"line":69,"column":24}},"32":{"start":{"line":70,"column":6},"end":{"line":70,"column":32}},"33":{"start":{"line":71,"column":6},"end":{"line":71,"column":26}},"34":{"start":{"line":73,"column":6},"end":{"line":73,"column":52}},"35":{"start":{"line":77,"column":23},"end":{"line":85,"column":3}},"36":{"start":{"line":78,"column":4},"end":{"line":84,"column":5}},"37":{"start":{"line":79,"column":6},"end":{"line":79,"column":42}},"38":{"start":{"line":80,"column":26},"end":{"line":80,"column":52}},"39":{"start":{"line":81,"column":6},"end":{"line":81,"column":31}},"40":{"start":{"line":83,"column":6},"end":{"line":83,"column":52}},"41":{"start":{"line":87,"column":21},"end":{"line":100,"column":3}},"42":{"start":{"line":88,"column":4},"end":{"line":88,"column":36}},"43":{"start":{"line":89,"column":4},"end":{"line":97,"column":7}},"44":{"start":{"line":98,"column":4},"end":{"line":98,"column":22}},"45":{"start":{"line":99,"column":4},"end":{"line":99,"column":23}},"46":{"start":{"line":102,"column":2},"end":{"line":305,"column":4}},"47":{"start":{"line":115,"column":34},"end":{"line":115,"column":55}},"48":{"start":{"line":121,"column":36},"end":{"line":121,"column":59}},"49":{"start":{"line":128,"column":12},"end":{"line":128,"column":38}},"50":{"start":{"line":129,"column":12},"end":{"line":137,"column":15}},"51":{"start":{"line":138,"column":12},"end":{"line":138,"column":30}},"52":{"start":{"line":139,"column":12},"end":{"line":139,"column":31}},"53":{"start":{"line":160,"column":14},"end":{"line":181,"column":19}},"54":{"start":{"line":171,"column":64},"end":{"line":171,"column":77}},"55":{"start":{"line":176,"column":35},"end":{"line":176,"column":53}},"56":{"start":{"line":289,"column":22},"end":{"line":289,"column":42}},"57":{"start":{"line":290,"column":22},"end":{"line":290,"column":48}}},"fnMap":{"0":{"name":"(anonymous_0)","decl":{"start":{"line":7,"column":25},"end":{"line":7,"column":26}},"loc":{"start":{"line":7,"column":31},"end":{"line":306,"column":1}},"line":7},"1":{"name":"(anonymous_1)","decl":{"start":{"line":22,"column":12},"end":{"line":22,"column":13}},"loc":{"start":{"line":22,"column":18},"end":{"line":32,"column":3}},"line":22},"2":{"name":"(anonymous_2)","decl":{"start":{"line":23,"column":26},"end":{"line":23,"column":27}},"loc":{"start":{"line":23,"column":38},"end":{"line":30,"column":5}},"line":23},"3":{"name":"(anonymous_3)","decl":{"start":{"line":34,"column":23},"end":{"line":34,"column":24}},"loc":{"start":{"line":34,"column":30},"end":{"line":37,"column":3}},"line":34},"4":{"name":"(anonymous_4)","decl":{"start":{"line":36,"column":12},"end":{"line":36,"column":13}},"loc":{"start":{"line":36,"column":23},"end":{"line":36,"column":49}},"line":36},"5":{"name":"(anonymous_5)","decl":{"start":{"line":39,"column":23},"end":{"line":39,"column":24}},"loc":{"start":{"line":39,"column":36},"end":{"line":75,"column":3}},"line":39},"6":{"name":"(anonymous_6)","decl":{"start":{"line":77,"column":23},"end":{"line":77,"column":24}},"loc":{"start":{"line":77,"column":37},"end":{"line":85,"column":3}},"line":77},"7":{"name":"(anonymous_7)","decl":{"start":{"line":87,"column":21},"end":{"line":87,"column":22}},"loc":{"start":{"line":87,"column":34},"end":{"line":100,"column":3}},"line":87},"8":{"name":"(anonymous_8)","decl":{"start":{"line":115,"column":22},"end":{"line":115,"column":23}},"loc":{"start":{"line":115,"column":34},"end":{"line":115,"column":55}},"line":115},"9":{"name":"(anonymous_9)","decl":{"start":{"line":121,"column":29},"end":{"line":121,"column":30}},"loc":{"start":{"line":121,"column":36},"end":{"line":121,"column":59}},"line":121},"10":{"name":"(anonymous_10)","decl":{"start":{"line":127,"column":19},"end":{"line":127,"column":20}},"loc":{"start":{"line":127,"column":25},"end":{"line":140,"column":11}},"line":127},"11":{"name":"(anonymous_11)","decl":{"start":{"line":159,"column":26},"end":{"line":159,"column":27}},"loc":{"start":{"line":160,"column":14},"end":{"line":181,"column":19}},"line":160},"12":{"name":"(anonymous_12)","decl":{"start":{"line":171,"column":58},"end":{"line":171,"column":59}},"loc":{"start":{"line":171,"column":64},"end":{"line":171,"column":77}},"line":171},"13":{"name":"(anonymous_13)","decl":{"start":{"line":176,"column":29},"end":{"line":176,"column":30}},"loc":{"start":{"line":176,"column":35},"end":{"line":176,"column":53}},"line":176},"14":{"name":"(anonymous_14)","decl":{"start":{"line":288,"column":29},"end":{"line":288,"column":30}},"loc":{"start":{"line":288,"column":35},"end":{"line":291,"column":21}},"line":288}},"branchMap":{"0":{"loc":{"start":{"line":47,"column":4},"end":{"line":50,"column":5}},"type":"if","locations":[{"start":{"line":47,"column":4},"end":{"line":50,"column":5}},{"start":{},"end":{}}],"line":47},"1":{"loc":{"start":{"line":53,"column":6},"end":{"line":57,"column":7}},"type":"if","locations":[{"start":{"line":53,"column":6},"end":{"line":57,"column":7}},{"start":{"line":55,"column":13},"end":{"line":57,"column":7}}],"line":53},"2":{"loc":{"start":{"line":186,"column":9},"end":{"line":302,"column":9}},"type":"binary-expr","locations":[{"start":{"line":186,"column":9},"end":{"line":186,"column":18}},{"start":{"line":187,"column":10},"end":{"line":301,"column":16}}],"line":186},"3":{"loc":{"start":{"line":189,"column":19},"end":{"line":189,"column":74}},"type":"cond-expr","locations":[{"start":{"line":189,"column":38},"end":{"line":189,"column":52}},{"start":{"line":189,"column":55},"end":{"line":189,"column":74}}],"line":189},"4":{"loc":{"start":{"line":191,"column":17},"end":{"line":193,"column":56}},"type":"cond-expr","locations":[{"start":{"line":192,"column":20},"end":{"line":192,"column":50}},{"start":{"line":193,"column":20},"end":{"line":193,"column":56}}],"line":191},"5":{"loc":{"start":{"line":203,"column":31},"end":{"line":203,"column":61}},"type":"cond-expr","locations":[{"start":{"line":203,"column":49},"end":{"line":203,"column":56}},{"start":{"line":203,"column":59},"end":{"line":203,"column":61}}],"line":203},"6":{"loc":{"start":{"line":205,"column":19},"end":{"line":207,"column":19}},"type":"binary-expr","locations":[{"start":{"line":205,"column":19},"end":{"line":205,"column":34}},{"start":{"line":206,"column":20},"end":{"line":206,"column":66}}],"line":205},"7":{"loc":{"start":{"line":217,"column":31},"end":{"line":217,"column":65}},"type":"cond-expr","locations":[{"start":{"line":217,"column":53},"end":{"line":217,"column":60}},{"start":{"line":217,"column":63},"end":{"line":217,"column":65}}],"line":217},"8":{"loc":{"start":{"line":219,"column":19},"end":{"line":221,"column":19}},"type":"binary-expr","locations":[{"start":{"line":219,"column":19},"end":{"line":219,"column":38}},{"start":{"line":220,"column":20},"end":{"line":220,"column":70}}],"line":219},"9":{"loc":{"start":{"line":241,"column":31},"end":{"line":241,"column":62}},"type":"cond-expr","locations":[{"start":{"line":241,"column":50},"end":{"line":241,"column":57}},{"start":{"line":241,"column":60},"end":{"line":241,"column":62}}],"line":241},"10":{"loc":{"start":{"line":243,"column":19},"end":{"line":245,"column":19}},"type":"binary-expr","locations":[{"start":{"line":243,"column":19},"end":{"line":243,"column":35}},{"start":{"line":244,"column":20},"end":{"line":244,"column":67}}],"line":243},"11":{"loc":{"start":{"line":256,"column":31},"end":{"line":256,"column":65}},"type":"cond-expr","locations":[{"start":{"line":256,"column":53},"end":{"line":256,"column":60}},{"start":{"line":256,"column":63},"end":{"line":256,"column":65}}],"line":256},"12":{"loc":{"start":{"line":258,"column":19},"end":{"line":260,"column":19}},"type":"binary-expr","locations":[{"start":{"line":258,"column":19},"end":{"line":258,"column":38}},{"start":{"line":259,"column":20},"end":{"line":259,"column":70}}],"line":258},"13":{"loc":{"start":{"line":278,"column":31},"end":{"line":278,"column":68}},"type":"cond-expr","locations":[{"start":{"line":278,"column":56},"end":{"line":278,"column":63}},{"start":{"line":278,"column":66},"end":{"line":278,"column":68}}],"line":278},"14":{"loc":{"start":{"line":280,"column":19},"end":{"line":282,"column":19}},"type":"binary-expr","locations":[{"start":{"line":280,"column":19},"end":{"line":280,"column":41}},{"start":{"line":281,"column":20},"end":{"line":281,"column":73}}],"line":280},"15":{"loc":{"start":{"line":296,"column":21},"end":{"line":296,"column":63}},"type":"cond-expr","locations":[{"start":{"line":296,"column":40},"end":{"line":296,"column":50}},{"start":{"line":296,"column":53},"end":{"line":296,"column":63}}],"line":296}},"s":{"0":3,"1":70,"2":70,"3":70,"4":70,"5":70,"6":70,"7":11,"8":11,"9":11,"10":10,"11":1,"12":11,"13":70,"14":38,"15":38,"16":38,"17":70,"18":6,"19":6,"20":6,"21":6,"22":2,"23":2,"24":4,"25":4,"26":1,"27":3,"28":3,"29":3,"30":3,"31":3,"32":3,"33":3,"34":1,"35":70,"36":2,"37":2,"38":1,"39":1,"40":1,"41":70,"42":1,"43":1,"44":1,"45":1,"46":70,"47":18,"48":18,"49":6,"50":6,"51":6,"52":6,"53":18,"54":1,"55":2,"56":1,"57":1},"f":{"0":70,"1":11,"2":11,"3":38,"4":38,"5":6,"6":2,"7":1,"8":18,"9":18,"10":6,"11":18,"12":1,"13":2,"14":1},"b":{"0":[2,4],"1":[1,3],"2":[70,49],"3":[2,47],"4":[2,47],"5":[3,46],"6":[49,3],"7":[0,49],"8":[49,0],"9":[3,46],"10":[49,3],"11":[3,46],"12":[49,3],"13":[3,46],"14":[49,3],"15":[2,47]},"_coverageSchema":"1a1c01bbd47fc00a2c39e90264f33305004495a9","hash":"e95cdbe44e0497d429aa00aacde9e4ecd75d2c99"}
,"D:\\MCRo VSCODE\\Testing homework\\KTPM_Assignment2\\FloginFE_BE\\frontend\\src\\component\\product_dashboard\\layout.jsx": {"path":"D:\\MCRo VSCODE\\Testing homework\\KTPM_Assignment2\\FloginFE_BE\\frontend\\src\\component\\product_dashboard\\layout.jsx","statementMap":{"0":{"start":{"line":4,"column":15},"end":{"line":17,"column":1}},"1":{"start":{"line":5,"column":4},"end":{"line":16,"column":6}}},"fnMap":{"0":{"name":"(anonymous_0)","decl":{"start":{"line":4,"column":15},"end":{"line":4,"column":16}},"loc":{"start":{"line":4,"column":33},"end":{"line":17,"column":1}},"line":4}},"branchMap":{},"s":{"0":3,"1":70},"f":{"0":70},"b":{},"_coverageSchema":"1a1c01bbd47fc00a2c39e90264f33305004495a9","hash":"933dcd7a7a3abe1f6253be532891b86f3dc4e85d"}
,"D:\\MCRo VSCODE\\Testing homework\\KTPM_Assignment2\\FloginFE_BE\\frontend\\src\\services\\ProductAPI.js": {"path":"D:\\MCRo VSCODE\\Testing homework\\KTPM_Assignment2\\FloginFE_BE\\frontend\\src\\services\\ProductAPI.js","statementMap":{"0":{"start":{"line":3,"column":21},"end":{"line":3,"column":57}},"1":{"start":{"line":5,"column":27},"end":{"line":30,"column":1}},"2":{"start":{"line":7,"column":16},"end":{"line":7,"column":45}},"3":{"start":{"line":8,"column":4},"end":{"line":8,"column":20}},"4":{"start":{"line":12,"column":16},"end":{"line":12,"column":56}},"5":{"start":{"line":13,"column":4},"end":{"line":13,"column":20}},"6":{"start":{"line":17,"column":16},"end":{"line":17,"column":55}},"7":{"start":{"line":18,"column":4},"end":{"line":18,"column":20}},"8":{"start":{"line":22,"column":16},"end":{"line":22,"column":65}},"9":{"start":{"line":23,"column":4},"end":{"line":23,"column":20}},"10":{"start":{"line":27,"column":16},"end":{"line":27,"column":59}},"11":{"start":{"line":28,"column":4},"end":{"line":28,"column":20}}},"fnMap":{"0":{"name":"(anonymous_0)","decl":{"start":{"line":6,"column":10},"end":{"line":6,"column":11}},"loc":{"start":{"line":6,"column":22},"end":{"line":9,"column":3}},"line":6},"1":{"name":"(anonymous_1)","decl":{"start":{"line":11,"column":11},"end":{"line":11,"column":12}},"loc":{"start":{"line":11,"column":25},"end":{"line":14,"column":3}},"line":11},"2":{"name":"(anonymous_2)","decl":{"start":{"line":16,"column":14},"end":{"line":16,"column":15}},"loc":{"start":{"line":16,"column":33},"end":{"line":19,"column":3}},"line":16},"3":{"name":"(anonymous_3)","decl":{"start":{"line":21,"column":17},"end":{"line":21,"column":18}},"loc":{"start":{"line":21,"column":40},"end":{"line":24,"column":3}},"line":21},"4":{"name":"(anonymous_4)","decl":{"start":{"line":26,"column":17},"end":{"line":26,"column":18}},"loc":{"start":{"line":26,"column":31},"end":{"line":29,"column":3}},"line":26}},"branchMap":{},"s":{"0":4,"1":4,"2":1,"3":1,"4":1,"5":1,"6":1,"7":1,"8":1,"9":1,"10":1,"11":1},"f":{"0":1,"1":1,"2":1,"3":1,"4":1},"b":{},"_coverageSchema":"1a1c01bbd47fc00a2c39e90264f33305004495a9","hash":"5725bfd21dd401277923a50f76c39e717945c01c"}
,"D:\\MCRo VSCODE\\Testing homework\\KTPM_Assignment2\\FloginFE_BE\\frontend\\src\\services\\authService.js": {"path":"D:\\MCRo VSCODE\\Testing homework\\KTPM_Assignment2\\FloginFE_BE\\frontend\\src\\services\\authService.js","statementMap":{"0":{"start":{"line":1,"column":25},"end":{"line":18,"column":1}},"1":{"start":{"line":2,"column":14},"end":{"line":8,"column":4}},"2":{"start":{"line":10,"column":15},"end":{"line":10,"column":31}},"3":{"start":{"line":11,"column":2},"end":{"line":11,"column":25}},"4":{"start":{"line":12,"column":2},"end":{"line":12,"column":20}},"5":{"start":{"line":14,"column":2},"end":{"line":16,"column":3}},"6":{"start":{"line":15,"column":4},"end":{"line":15,"column":34}},"7":{"start":{"line":17,"column":2},"end":{"line":17,"column":14}}},"fnMap":{"0":{"name":"(anonymous_0)","decl":{"start":{"line":1,"column":25},"end":{"line":1,"column":26}},"loc":{"start":{"line":1,"column":55},"end":{"line":18,"column":1}},"line":1}},"branchMap":{"0":{"loc":{"start":{"line":14,"column":2},"end":{"line":16,"column":3}},"type":"if","locations":[{"start":{"line":14,"column":2},"end":{"line":16,"column":3}},{"start":{},"end":{}}],"line":14}},"s":{"0":3,"1":8,"2":8,"3":8,"4":8,"5":8,"6":7,"7":1},"f":{"0":8},"b":{"0":[7,1]},"_coverageSchema":"1a1c01bbd47fc00a2c39e90264f33305004495a9","hash":"3f953a75f51a891d50f991833ec34424a88aa609"}
,"D:\\MCRo VSCODE\\Testing homework\\KTPM_Assignment2\\FloginFE_BE\\frontend\\src\\utils\\validation_product.js": {"path":"D:\\MCRo VSCODE\\Testing homework\\KTPM_Assignment2\\FloginFE_BE\\frontend\\src\\utils\\validation_product.js","statementMap":{"0":{"start":{"line":2,"column":19},"end":{"line":2,"column":21}},"1":{"start":{"line":4,"column":4},"end":{"line":6,"column":5}},"2":{"start":{"line":5,"column":8},"end":{"line":5,"column":61}},"3":{"start":{"line":8,"column":4},"end":{"line":10,"column":5}},"4":{"start":{"line":9,"column":8},"end":{"line":9,"column":64}},"5":{"start":{"line":12,"column":4},"end":{"line":14,"column":5}},"6":{"start":{"line":13,"column":8},"end":{"line":13,"column":70}},"7":{"start":{"line":16,"column":4},"end":{"line":18,"column":5}},"8":{"start":{"line":17,"column":8},"end":{"line":17,"column":61}},"9":{"start":{"line":20,"column":4},"end":{"line":22,"column":5}},"10":{"start":{"line":21,"column":8},"end":{"line":21,"column":57}},"11":{"start":{"line":24,"column":4},"end":{"line":24,"column":18}}},"fnMap":{"0":{"name":"validateProduct","decl":{"start":{"line":1,"column":16},"end":{"line":1,"column":31}},"loc":{"start":{"line":1,"column":41},"end":{"line":25,"column":1}},"line":1}},"branchMap":{"0":{"loc":{"start":{"line":4,"column":4},"end":{"line":6,"column":5}},"type":"if","locations":[{"start":{"line":4,"column":4},"end":{"line":6,"column":5}},{"start":{},"end":{}}],"line":4},"1":{"loc":{"start":{"line":4,"column":8},"end":{"line":4,"column":55}},"type":"binary-expr","locations":[{"start":{"line":4,"column":8},"end":{"line":4,"column":21}},{"start":{"line":4,"column":25},"end":{"line":4,"column":55}}],"line":4},"2":{"loc":{"start":{"line":8,"column":4},"end":{"line":10,"column":5}},"type":"if","locations":[{"start":{"line":8,"column":4},"end":{"line":10,"column":5}},{"start":{},"end":{}}],"line":8},"3":{"loc":{"start":{"line":8,"column":8},"end":{"line":8,"column":82}},"type":"binary-expr","locations":[{"start":{"line":8,"column":8},"end":{"line":8,"column":29}},{"start":{"line":8,"column":33},"end":{"line":8,"column":53}},{"start":{"line":8,"column":57},"end":{"line":8,"column":82}}],"line":8},"4":{"loc":{"start":{"line":12,"column":4},"end":{"line":14,"column":5}},"type":"if","locations":[{"start":{"line":12,"column":4},"end":{"line":14,"column":5}},{"start":{},"end":{}}],"line":12},"5":{"loc":{"start":{"line":12,"column":8},"end":{"line":12,"column":85}},"type":"binary-expr","locations":[{"start":{"line":12,"column":8},"end":{"line":12,"column":32}},{"start":{"line":12,"column":36},"end":{"line":12,"column":57}},{"start":{"line":12,"column":61},"end":{"line":12,"column":85}}],"line":12},"6":{"loc":{"start":{"line":16,"column":4},"end":{"line":18,"column":5}},"type":"if","locations":[{"start":{"line":16,"column":4},"end":{"line":18,"column":5}},{"start":{},"end":{}}],"line":16},"7":{"loc":{"start":{"line":16,"column":8},"end":{"line":16,"column":98}},"type":"binary-expr","locations":[{"start":{"line":16,"column":8},"end":{"line":16,"column":28}},{"start":{"line":16,"column":32},"end":{"line":16,"column":62}},{"start":{"line":16,"column":66},"end":{"line":16,"column":98}}],"line":16},"8":{"loc":{"start":{"line":20,"column":4},"end":{"line":22,"column":5}},"type":"if","locations":[{"start":{"line":20,"column":4},"end":{"line":22,"column":5}},{"start":{},"end":{}}],"line":20},"9":{"loc":{"start":{"line":20,"column":8},"end":{"line":20,"column":59}},"type":"binary-expr","locations":[{"start":{"line":20,"column":8},"end":{"line":20,"column":25}},{"start":{"line":20,"column":29},"end":{"line":20,"column":59}}],"line":20}},"s":{"0":15,"1":15,"2":3,"3":15,"4":4,"5":15,"6":4,"7":15,"8":4,"9":15,"10":1,"11":15},"f":{"0":15},"b":{"0":[3,12],"1":[15,14],"2":[4,11],"3":[15,15,12],"4":[4,11],"5":[15,15,12],"6":[4,11],"7":[15,13,12],"8":[1,14],"9":[15,14]},"_coverageSchema":"1a1c01bbd47fc00a2c39e90264f33305004495a9","hash":"f5df7efeb40446c04aa384b16c1dbba8ed06c66a"}
}
