TN:
SF:src\component\login_dashboard\Login.jsx
FN:6,(anonymous_0)
FN:15,(anonymous_1)
FN:66,(anonymous_2)
FN:77,(anonymous_3)
FNF:4
FNH:4
FNDA:8,(anonymous_0)
FNDA:2,(anonymous_1)
FNDA:1,(anonymous_2)
FNDA:1,(anonymous_3)
DA:6,1
DA:7,8
DA:8,8
DA:9,8
DA:10,8
DA:11,8
DA:13,8
DA:15,8
DA:16,2
DA:17,2
DA:18,1
DA:19,1
DA:21,1
DA:24,1
DA:25,0
DA:26,0
DA:28,1
DA:31,1
DA:32,1
DA:34,1
DA:36,1
DA:40,1
DA:41,1
DA:43,1
DA:45,1
DA:48,0
DA:51,0
DA:52,0
DA:56,8
DA:66,1
DA:77,1
LF:31
LH:26
BRDA:17,0,0,1
BRDA:17,0,1,1
BRDA:24,1,0,0
BRDA:24,1,1,1
BRDA:40,2,0,1
BRDA:40,2,1,0
BRDA:69,3,0,8
BRDA:69,3,1,1
BRDA:80,4,0,8
BRDA:80,4,1,0
BRDA:87,5,0,8
BRDA:87,5,1,2
BRF:12
BRH:9
end_of_record
TN:
SF:src\component\product_dashboard\Product.jsx
FN:7,(anonymous_0)
FN:22,(anonymous_1)
FN:23,(anonymous_2)
FN:34,(anonymous_3)
FN:36,(anonymous_4)
FN:39,(anonymous_5)
FN:77,(anonymous_6)
FN:87,(anonymous_7)
FN:115,(anonymous_8)
FN:121,(anonymous_9)
FN:127,(anonymous_10)
FN:159,(anonymous_11)
FN:171,(anonymous_12)
FN:172,(anonymous_13)
FN:277,(anonymous_14)
FNF:15
FNH:14
FNDA:31,(anonymous_0)
FNDA:7,(anonymous_1)
FNDA:7,(anonymous_2)
FNDA:13,(anonymous_3)
FNDA:13,(anonymous_4)
FNDA:3,(anonymous_5)
FNDA:1,(anonymous_6)
FNDA:1,(anonymous_7)
FNDA:15,(anonymous_8)
FNDA:15,(anonymous_9)
FNDA:3,(anonymous_10)
FNDA:15,(anonymous_11)
FNDA:1,(anonymous_12)
FNDA:1,(anonymous_13)
FNDA:0,(anonymous_14)
DA:7,3
DA:8,31
DA:9,31
DA:10,31
DA:11,31
DA:12,31
DA:22,31
DA:23,7
DA:24,7
DA:25,7
DA:26,6
DA:28,1
DA:31,7
DA:34,31
DA:35,13
DA:36,13
DA:39,31
DA:40,3
DA:41,3
DA:46,3
DA:47,3
DA:48,0
DA:49,0
DA:52,3
DA:53,3
DA:54,1
DA:56,2
DA:58,3
DA:59,3
DA:60,3
DA:69,3
DA:70,3
DA:71,3
DA:73,0
DA:77,31
DA:78,1
DA:79,1
DA:80,1
DA:81,1
DA:83,0
DA:87,31
DA:88,1
DA:89,1
DA:98,1
DA:99,1
DA:102,31
DA:115,15
DA:121,15
DA:128,3
DA:129,3
DA:138,3
DA:139,3
DA:160,15
DA:171,1
DA:172,1
DA:278,0
DA:279,0
LF:57
LH:51
BRDA:47,0,0,0
BRDA:47,0,1,3
BRDA:53,1,0,1
BRDA:53,1,1,2
BRDA:179,2,0,31
BRDA:179,2,1,17
BRDA:182,3,0,2
BRDA:182,3,1,15
BRDA:184,4,0,2
BRDA:184,4,1,15
BRDA:196,5,0,0
BRDA:196,5,1,17
BRDA:198,6,0,17
BRDA:198,6,1,0
BRDA:208,7,0,0
BRDA:208,7,1,17
BRDA:210,8,0,17
BRDA:210,8,1,0
BRDA:232,9,0,0
BRDA:232,9,1,17
BRDA:234,10,0,17
BRDA:234,10,1,0
BRDA:245,11,0,0
BRDA:245,11,1,17
BRDA:247,12,0,17
BRDA:247,12,1,0
BRDA:267,13,0,0
BRDA:267,13,1,17
BRDA:269,14,0,17
BRDA:269,14,1,0
BRDA:285,15,0,2
BRDA:285,15,1,15
BRF:32
BRH:21
end_of_record
TN:
SF:src\component\product_dashboard\layout.jsx
FN:4,(anonymous_0)
FNF:1
FNH:1
FNDA:31,(anonymous_0)
DA:4,3
DA:5,31
LF:2
LH:2
BRF:0
BRH:0
end_of_record
TN:
SF:src\services\ProductAPI.js
FN:6,(anonymous_0)
FN:11,(anonymous_1)
FN:16,(anonymous_2)
FN:21,(anonymous_3)
FN:26,(anonymous_4)
FNF:5
FNH:5
FNDA:2,(anonymous_0)
FNDA:1,(anonymous_1)
FNDA:1,(anonymous_2)
FNDA:1,(anonymous_3)
FNDA:1,(anonymous_4)
DA:3,4
DA:5,4
DA:7,2
DA:8,1
DA:12,1
DA:13,1
DA:17,1
DA:18,1
DA:22,1
DA:23,1
DA:27,1
DA:28,1
LF:12
LH:12
BRF:0
BRH:0
end_of_record
TN:
SF:src\services\authService.js
FN:1,(anonymous_0)
FNF:1
FNH:0
FNDA:0,(anonymous_0)
DA:1,1
DA:3,0
DA:6,0
DA:15,0
DA:16,0
DA:17,0
DA:20,0
DA:21,0
LF:8
LH:1
BRDA:15,0,0,0
BRDA:15,0,1,0
BRDA:17,1,0,0
BRDA:17,1,1,0
BRF:4
BRH:0
end_of_record
TN:
SF:src\utils\validation_product.js
FN:1,validateProduct
FNF:1
FNH:1
FNDA:12,validateProduct
DA:2,12
DA:4,12
DA:5,1
DA:8,12
DA:9,2
DA:12,12
DA:13,2
DA:16,12
DA:17,2
DA:20,12
DA:21,1
DA:24,12
LF:12
LH:12
BRDA:4,0,0,1
BRDA:4,0,1,11
BRDA:4,1,0,12
BRDA:4,1,1,11
BRDA:8,2,0,2
BRDA:8,2,1,10
BRDA:8,3,0,12
BRDA:8,3,1,12
BRDA:8,3,2,11
BRDA:12,4,0,2
BRDA:12,4,1,10
BRDA:12,5,0,12
BRDA:12,5,1,12
BRDA:12,5,2,11
BRDA:16,6,0,2
BRDA:16,6,1,10
BRDA:16,7,0,12
BRDA:16,7,1,12
BRDA:16,7,2,11
BRDA:20,8,0,1
BRDA:20,8,1,11
BRDA:20,9,0,12
BRDA:20,9,1,11
BRF:23
BRH:23
end_of_record
