TN:
SF:src\component\login_dashboard\Login.jsx
FN:6,(anonymous_0)
FN:19,(anonymous_1)
FN:53,(anonymous_2)
FN:75,(anonymous_3)
FN:92,(anonymous_4)
FNF:5
FNH:5
FNDA:92,(anonymous_0)
FNDA:22,(anonymous_1)
FNDA:2,(anonymous_2)
FNDA:18,(anonymous_3)
FNDA:18,(anonymous_4)
DA:6,3
DA:7,92
DA:8,92
DA:11,92
DA:12,92
DA:15,92
DA:17,92
DA:19,92
DA:20,22
DA:23,22
DA:25,22
DA:26,3
DA:27,3
DA:29,19
DA:32,22
DA:33,3
DA:34,3
DA:36,19
DA:40,22
DA:43,17
DA:44,17
DA:46,17
DA:47,17
DA:49,10
DA:50,3
DA:51,3
DA:53,3
DA:54,2
DA:57,7
DA:60,4
DA:65,92
DA:75,18
DA:92,18
LF:33
LH:33
BRDA:25,0,0,3
BRDA:25,0,1,19
BRDA:32,1,0,3
BRDA:32,1,1,19
BRDA:40,2,0,5
BRDA:40,2,1,17
BRDA:49,3,0,3
BRDA:49,3,1,7
BRDA:57,4,0,7
BRDA:57,4,1,1
BRDA:60,5,0,4
BRDA:60,5,1,1
BRDA:80,6,0,92
BRDA:80,6,1,3
BRDA:97,7,0,92
BRDA:97,7,1,3
BRDA:110,8,0,92
BRDA:110,8,1,14
BRDA:113,9,0,3
BRDA:113,9,1,11
BRF:20
BRH:20
end_of_record
TN:
SF:src\component\product_dashboard\Product.jsx
FN:7,(anonymous_0)
FN:25,(anonymous_1)
FN:30,(anonymous_2)
FN:36,(anonymous_3)
FN:45,(anonymous_4)
FN:46,(anonymous_5)
FN:57,(anonymous_6)
FN:59,(anonymous_7)
FN:62,(anonymous_8)
FN:103,(anonymous_9)
FN:113,(anonymous_10)
FN:159,(anonymous_11)
FN:192,(anonymous_12)
FN:208,(anonymous_13)
FN:216,(anonymous_14)
FN:344,(anonymous_15)
FNF:16
FNH:14
FNDA:72,(anonymous_0)
FNDA:0,(anonymous_1)
FNDA:72,(anonymous_2)
FNDA:0,(anonymous_3)
FNDA:11,(anonymous_4)
FNDA:11,(anonymous_5)
FNDA:41,(anonymous_6)
FNDA:41,(anonymous_7)
FNDA:6,(anonymous_8)
FNDA:2,(anonymous_9)
FNDA:1,(anonymous_10)
FNDA:6,(anonymous_11)
FNDA:26,(anonymous_12)
FNDA:1,(anonymous_13)
FNDA:2,(anonymous_14)
FNDA:1,(anonymous_15)
DA:7,3
DA:8,72
DA:9,72
DA:10,72
DA:11,72
DA:12,72
DA:23,72
DA:25,72
DA:27,0
DA:30,72
DA:31,72
DA:32,72
DA:34,0
DA:36,0
DA:38,0
DA:42,72
DA:45,72
DA:46,11
DA:47,11
DA:48,11
DA:49,10
DA:51,1
DA:54,11
DA:57,72
DA:58,41
DA:59,41
DA:62,72
DA:63,6
DA:64,6
DA:69,6
DA:70,6
DA:71,2
DA:72,2
DA:75,4
DA:76,4
DA:77,1
DA:79,3
DA:81,3
DA:82,3
DA:85,3
DA:86,3
DA:95,3
DA:96,3
DA:97,3
DA:99,1
DA:103,72
DA:104,2
DA:105,2
DA:106,1
DA:107,1
DA:109,1
DA:113,72
DA:114,1
DA:115,1
DA:124,1
DA:125,1
DA:128,72
DA:160,6
DA:161,6
DA:170,6
DA:171,6
DA:193,26
DA:208,1
DA:216,2
DA:345,1
DA:346,1
LF:66
LH:62
BRDA:31,0,0,72
BRDA:31,0,1,0
BRDA:70,1,0,2
BRDA:70,1,1,4
BRDA:76,2,0,1
BRDA:76,2,1,3
BRDA:226,3,0,72
BRDA:226,3,1,52
BRDA:229,4,0,3
BRDA:229,4,1,49
BRDA:231,5,0,3
BRDA:231,5,1,49
BRDA:245,6,0,3
BRDA:245,6,1,49
BRDA:247,7,0,52
BRDA:247,7,1,3
BRDA:261,8,0,0
BRDA:261,8,1,52
BRDA:263,9,0,52
BRDA:263,9,1,0
BRDA:289,10,0,3
BRDA:289,10,1,49
BRDA:291,11,0,52
BRDA:291,11,1,3
BRDA:306,12,0,3
BRDA:306,12,1,49
BRDA:308,13,0,52
BRDA:308,13,1,3
BRDA:332,14,0,3
BRDA:332,14,1,49
BRDA:334,15,0,52
BRDA:334,15,1,3
BRDA:353,16,0,3
BRDA:353,16,1,49
BRF:34
BRH:31
end_of_record
TN:
SF:src\component\product_dashboard\layout.jsx
FN:4,(anonymous_0)
FNF:1
FNH:1
FNDA:72,(anonymous_0)
DA:4,3
DA:5,72
LF:2
LH:2
BRF:0
BRH:0
end_of_record
TN:
SF:src\services\ProductAPI.js
FN:6,(anonymous_0)
FN:11,(anonymous_1)
FN:16,(anonymous_2)
FN:21,(anonymous_3)
FN:26,(anonymous_4)
FNF:5
FNH:5
FNDA:1,(anonymous_0)
FNDA:1,(anonymous_1)
FNDA:1,(anonymous_2)
FNDA:1,(anonymous_3)
FNDA:1,(anonymous_4)
DA:3,4
DA:5,4
DA:7,1
DA:8,1
DA:12,1
DA:13,1
DA:17,1
DA:18,1
DA:22,1
DA:23,1
DA:27,1
DA:28,1
LF:12
LH:12
BRF:0
BRH:0
end_of_record
TN:
SF:src\services\authService.js
FN:1,(anonymous_0)
FNF:1
FNH:1
FNDA:8,(anonymous_0)
DA:1,4
DA:2,8
DA:10,8
DA:11,8
DA:12,8
DA:14,8
DA:15,7
DA:17,1
LF:8
LH:8
BRDA:14,0,0,7
BRDA:14,0,1,1
BRF:2
BRH:2
end_of_record
TN:
SF:src\utils\validation_product.js
FN:1,validateProduct
FNF:1
FNH:1
FNDA:15,validateProduct
DA:2,15
DA:4,15
DA:5,3
DA:8,15
DA:9,4
DA:12,15
DA:13,4
DA:16,15
DA:17,4
DA:20,15
DA:21,1
DA:24,15
LF:12
LH:12
BRDA:4,0,0,3
BRDA:4,0,1,12
BRDA:4,1,0,15
BRDA:4,1,1,14
BRDA:8,2,0,4
BRDA:8,2,1,11
BRDA:8,3,0,15
BRDA:8,3,1,15
BRDA:8,3,2,12
BRDA:12,4,0,4
BRDA:12,4,1,11
BRDA:12,5,0,15
BRDA:12,5,1,15
BRDA:12,5,2,12
BRDA:16,6,0,4
BRDA:16,6,1,11
BRDA:16,7,0,15
BRDA:16,7,1,13
BRDA:16,7,2,12
BRDA:20,8,0,1
BRDA:20,8,1,14
BRDA:20,9,0,15
BRDA:20,9,1,14
BRF:23
BRH:23
end_of_record
